0 verbose cli /usr/local/bin/node /usr/local/lib/node_modules/npm/bin/npm-cli.js
1 info using npm@11.9.0
2 info using node@v24.14.0
3 silly config load:file:/usr/local/lib/node_modules/npm/npmrc
4 silly config load:file:/Users/diasmp3/Desktop/OFERTAS/LUMINARIAS 3D STL/APP VISUALIZAÇÃO/.npmrc
5 silly config load:file:/Users/diasmp3/.npmrc
6 silly config load:file:/usr/local/etc/npmrc
7 verbose title npm exec create-next-app@latest stl-pwa-app --ts --tailwind --eslint --app --src-dir --use-npm --import-alias @/* --disable-git --yes
8 verbose argv "exec" "--yes" "--" "create-next-app@latest" "stl-pwa-app" "--ts" "--tailwind" "--eslint" "--app" "--src-dir" "--use-npm" "--import-alias" "@/*" "--disable-git" "--yes"
9 verbose logfile logs-max:10 dir:/Users/diasmp3/Desktop/OFERTAS/LUMINARIAS 3D STL/APP VISUALIZAÇÃO/.npm-cache/_logs/2026-07-17T20_26_37_389Z-
10 verbose logfile /Users/diasmp3/Desktop/OFERTAS/LUMINARIAS 3D STL/APP VISUALIZAÇÃO/.npm-cache/_logs/2026-07-17T20_26_37_389Z-debug-0.log
11 silly logfile done cleaning log files
12 silly packumentCache heap:4496293888 maxSize:1124073472 maxEntrySize:562036736
13 http fetch GET 200 https://registry.npmjs.org/create-next-app 145ms (cache revalidated)
14 silly packumentCache heap:4496293888 maxSize:1124073472 maxEntrySize:562036736
15 silly packumentCache heap:4496293888 maxSize:1124073472 maxEntrySize:562036736
16 verbose cwd /Users/diasmp3/Desktop/OFERTAS/LUMINARIAS 3D STL/APP VISUALIZAÇÃO
17 verbose os Darwin 24.6.0
18 verbose node v24.14.0
19 verbose npm  v11.9.0
20 verbose exit 0
21 info ok
